2024-03-11 16:23:27,996 INFO  [banking] url opened 
2024-03-11 16:23:28,144 INFO  [banking] entered username 
2024-03-11 16:23:28,229 INFO  [banking] entered password 
2024-03-11 16:23:30,692 INFO  [banking] clicked on login btn 
2024-03-11 16:23:30,704 INFO  [banking] title matched login success 
2024-03-11 19:18:38,335 INFO  [banking] url opened 
2024-03-11 19:18:38,692 INFO  [banking] entered username 
2024-03-11 19:18:38,788 INFO  [banking] entered password 
2024-03-11 19:18:40,026 INFO  [banking] clicked on login btn 
2024-03-11 19:18:40,046 INFO  [banking] title matched login success 
2024-03-11 20:03:45,976 INFO  [banking] url opened 
2024-03-11 20:03:46,271 INFO  [banking] entered username 
2024-03-11 20:03:46,391 INFO  [banking] entered password 
2024-03-11 20:03:47,807 INFO  [banking] clicked on login btn 
2024-03-11 20:03:47,919 INFO  [banking] title matched login success 
2024-03-11 20:21:21,857 INFO  [banking] url opened 
2024-03-11 20:21:22,094 INFO  [banking] entered username 
2024-03-11 20:21:22,279 INFO  [banking] entered password 
2024-03-11 20:21:23,831 INFO  [banking] clicked on login btn 
2024-03-11 20:21:23,847 INFO  [banking] title matched login success 
2024-03-11 20:22:21,918 INFO  [banking] url opened 
2024-03-11 20:22:22,353 INFO  [banking] entered username 
2024-03-11 20:22:22,595 INFO  [banking] entered password 
2024-03-11 20:22:24,303 INFO  [banking] clicked on login btn 
2024-03-11 20:22:24,323 INFO  [banking] title matched login success 
2024-03-11 20:23:27,606 INFO  [banking] url opened 
2024-03-11 20:23:28,113 INFO  [banking] entered username 
2024-03-11 20:23:28,281 INFO  [banking] entered password 
2024-03-11 20:23:30,459 INFO  [banking] clicked on login btn 
2024-03-11 20:23:30,483 INFO  [banking] title matched login success 
2024-03-11 20:23:35,982 INFO  [banking] url opened 
2024-03-11 20:23:36,536 INFO  [banking] entered username 
2024-03-11 20:23:36,731 INFO  [banking] entered password 
2024-03-11 20:23:38,228 INFO  [banking] clicked on login btn 
2024-03-11 20:23:38,258 INFO  [banking] title matched login success 
2024-03-11 22:41:17,323 INFO  [banking] url opened 
2024-03-11 22:41:17,516 INFO  [banking] entered username 
2024-03-11 22:41:17,643 INFO  [banking] entered password 
2024-03-11 22:41:18,851 INFO  [banking] clicked on login btn 
2024-03-11 22:41:18,883 INFO  [banking] title matched login success 
2024-03-11 22:43:52,318 INFO  [banking] url opened 
2024-03-11 22:43:55,192 INFO  [banking] entered username 
2024-03-11 22:43:55,342 INFO  [banking] entered password 
2024-03-11 22:43:56,611 INFO  [banking] clicked on login btn 
2024-03-11 22:43:56,633 INFO  [banking] title matched login success 
2024-03-11 22:48:14,737 INFO  [banking] url opened 
2024-03-11 22:48:14,916 INFO  [banking] entered username 
2024-03-11 22:48:15,041 INFO  [banking] entered password 
2024-03-11 22:48:16,638 INFO  [banking] clicked on login btn 
2024-03-11 22:48:16,648 INFO  [banking] title matched login success 
2024-03-11 23:04:54,285 INFO  [banking] url opened 
2024-03-11 23:04:57,953 INFO  [banking] entered username 
2024-03-11 23:04:58,063 INFO  [banking] entered password 
2024-03-11 23:04:58,622 INFO  [banking] clicked on login btn 
2024-03-11 23:10:54,935 INFO  [banking] url opened 
2024-03-11 23:10:55,121 INFO  [banking] entered username 
2024-03-11 23:10:55,247 INFO  [banking] entered password 
2024-03-11 23:10:55,892 INFO  [banking] clicked on login btn 
2024-03-11 23:17:52,621 INFO  [banking] url opened 
2024-03-11 23:17:55,777 INFO  [banking] entered username 
2024-03-11 23:17:55,860 INFO  [banking] entered password 
2024-03-11 23:17:57,603 INFO  [banking] clicked on login btn 
2024-03-11 23:17:57,625 INFO  [banking] title matched login success 
